{"logLevel":"debug","message":"multithreading is set to false"}
{"logLevel":"debug","message":"Using reflection to scan dependencies for gauge implementations..."}
SLF4J: Failed to load class "org.slf4j.impl.StaticLoggerBinder".
SLF4J: Defaulting to no-operation (NOP) logger implementation
SLF4J: See http://www.slf4j.org/codes.html#StaticLoggerBinder for further details.
{"logLevel":"debug","message":"gauge-java took 986milliseconds to load and scan. This should be less than 'runner_connection_timeout' config value."}
{"logLevel":"debug","message":"run 'gauge config runner_connection_timeout' and verify that it is < 986"}
{"logLevel":"debug","message":"starting gRPC server..."}
{"logLevel":"debug","message":"started gRPC server on port 50071"}
{"logLevel":"info","message":"Listening on port:50071"}
{"logLevel":"debug","message":"Scanning packages for steps"}
{"logLevel":"debug","message":"Comparing 'org.example.GaugeKing.StepImplementation.ensureInstallationInstructionsAreAvailable' and 'org.example.GaugeKing.StepImplementation.ensureInstallationInstructionsAreAvailable'"}
{"logLevel":"debug","message":"Found Ensure installation instructions are available in current project scope."}
{"logLevel":"debug","message":"Comparing 'org.example.GaugeKing.StepImplementation.implementation1' and 'org.example.GaugeKing.StepImplementation.implementation1'"}
{"logLevel":"debug","message":"Found Open the Gauge homepage in current project scope."}
{"logLevel":"debug","message":"Comparing 'org.example.GaugeKing.tc_KontaktneUdajeAdresa.vytvorZahranicnuAdresu' and 'org.example.GaugeKing.tc_KontaktneUdajeAdresa.vytvorZahranicnuAdresu'"}
{"logLevel":"debug","message":"Found PAR-KontaktneUdajeAdresa-VytvorZahranicnuAdresu in current project scope."}
{"logLevel":"debug","message":"Comparing 'org.example.GaugeKing.StepImplementation.gotoGetStartedPage' and 'org.example.GaugeKing.StepImplementation.gotoGetStartedPage'"}
{"logLevel":"debug","message":"Found Go to Gauge Get Started Page in current project scope."}
{"logLevel":"debug","message":"Comparing 'org.example.GaugeKing.tc_KontaktneUdajeAdresa.upravAdresu' and 'org.example.GaugeKing.tc_KontaktneUdajeAdresa.upravAdresu'"}
{"logLevel":"debug","message":"Found PAR-KontaktneUdajeAdresa-UpravAdresu in current project scope."}
{"logLevel":"debug","message":"Comparing 'org.example.GaugeKing.tc_KontaktneUdajeAdresa.vytvorSlovenskuAdresu' and 'org.example.GaugeKing.tc_KontaktneUdajeAdresa.vytvorSlovenskuAdresu'"}
{"logLevel":"debug","message":"Found PAR-KontaktneUdajeAdresa-VytvorSlovenskuAdresu in current project scope."}
{"logLevel":"debug","message":"Scanning packages for hooks"}
{"logLevel":"debug","message":"Scanned steps (using static parsing + reflections): "}
{"logLevel":"debug","message":"\tOpen the Gauge homepage : public void implementation1()"}
{"logLevel":"debug","message":"\tPAR-KontaktneUdajeAdresa-VytvorSlovenskuAdresu : public void vytvorSlovenskuAdresu() throws Exception"}
{"logLevel":"debug","message":"\tGo to Gauge Get Started Page : public void gotoGetStartedPage() throws InterruptedException"}
{"logLevel":"debug","message":"\tEnsure installation instructions are available : public void ensureInstallationInstructionsAreAvailable() throws InterruptedException"}
{"logLevel":"debug","message":"\tPAR-KontaktneUdajeAdresa-UpravAdresu : public void upravAdresu() throws Exception"}
{"logLevel":"debug","message":"\tPAR-KontaktneUdajeAdresa-VytvorZahranicnuAdresu : public void vytvorZahranicnuAdresu() throws Exception"}
Starting ChromeDriver 106.0.5249.61 (511755355844955cd3e264779baf0dd38212a4d0-refs/branch-heads/5249@{#569}) on port 64866
Only local connections are allowed.
Please see https://chromedriver.chromium.org/security-considerations for suggestions on keeping ChromeDriver safe.
ChromeDriver was started successfully.
okt 25, 2022 6:09:51 PM org.openqa.selenium.remote.ProtocolHandshake createSession
INFO: Detected upstream dialect: W3C
okt 25, 2022 6:09:51 PM org.openqa.selenium.devtools.CdpVersionFinder findNearestMatch
INFO: Found exact CDP implementation for version 106
{"logLevel":"debug","message":"Executing 'PAR-KontaktneUdajeAdresa-VytvorSlovenskuAdresu' using 'class org.example.GaugeKing.tc_KontaktneUdajeAdresa.vytvorSlovenskuAdresu"}
element
org.openqa.selenium.JavascriptException: javascript error: Cannot read properties of undefined (reading 'defaultView')
  (Session info: chrome=106.0.5249.119)
Build info: version: '4.5.0', revision: 'fe167b119a'
System info: os.name: 'Windows 10', os.arch: 'amd64', os.version: '10.0', java.version: '15.0.1'
Driver info: org.openqa.selenium.chrome.ChromeDriver
Command: [d32243548a514caa5047f7d921001c6e, clickElement {id=76c8b6ed-3950-499f-997d-e6734ffd9709}]
Capabilities {acceptInsecureCerts: false, browserName: chrome, browserVersion: 106.0.5249.119, chrome: {chromedriverVersion: 106.0.5249.61 (511755355844...}, goog:chromeOptions: {debuggerAddress: localhost:9014}, pageLoadStrategy: normal, platformName: ANY, proxy: Proxy(), se:cdp: ws://localhost:9014/devtool..., se:cdpVersion: 106.0.5249.119, setWindowRect: false, strictFileInteractability: false, timeouts: {implicit: 0, pageLoad: 300000, script: 30000}, unhandledPromptBehavior: dismiss and notify, webauthn:extension:credBlob: true, webauthn:extension:largeBlob: true, webauthn:virtualAuthenticators: true}
Element: [[ChromeDriver: chrome on ANY (d32243548a514caa5047f7d921001c6e)] -> xpath: //a[@title='Leads']]
Session ID: d32243548a514caa5047f7d921001c6e
{"logLevel":"debug","message":"Executing 'PAR-KontaktneUdajeAdresa-UpravAdresu' using 'class org.example.GaugeKing.tc_KontaktneUdajeAdresa.upravAdresu"}
element
org.openqa.selenium.JavascriptException: javascript error: Cannot read properties of undefined (reading 'defaultView')
  (Session info: chrome=106.0.5249.119)
Build info: version: '4.5.0', revision: 'fe167b119a'
System info: os.name: 'Windows 10', os.arch: 'amd64', os.version: '10.0', java.version: '15.0.1'
Driver info: org.openqa.selenium.chrome.ChromeDriver
Command: [d32243548a514caa5047f7d921001c6e, clickElement {id=76c8b6ed-3950-499f-997d-e6734ffd9709}]
Capabilities {acceptInsecureCerts: false, browserName: chrome, browserVersion: 106.0.5249.119, chrome: {chromedriverVersion: 106.0.5249.61 (511755355844...}, goog:chromeOptions: {debuggerAddress: localhost:9014}, pageLoadStrategy: normal, platformName: ANY, proxy: Proxy(), se:cdp: ws://localhost:9014/devtool..., se:cdpVersion: 106.0.5249.119, setWindowRect: false, strictFileInteractability: false, timeouts: {implicit: 0, pageLoad: 300000, script: 30000}, unhandledPromptBehavior: dismiss and notify, webauthn:extension:credBlob: true, webauthn:extension:largeBlob: true, webauthn:virtualAuthenticators: true}
Element: [[ChromeDriver: chrome on ANY (d32243548a514caa5047f7d921001c6e)] -> xpath: //a[@title='Leads']]
Session ID: d32243548a514caa5047f7d921001c6e
{"logLevel":"debug","message":"Executing 'PAR-KontaktneUdajeAdresa-VytvorZahranicnuAdresu' using 'class org.example.GaugeKing.tc_KontaktneUdajeAdresa.vytvorZahranicnuAdresu"}
element
org.openqa.selenium.JavascriptException: javascript error: Cannot read properties of undefined (reading 'defaultView')
  (Session info: chrome=106.0.5249.119)
Build info: version: '4.5.0', revision: 'fe167b119a'
System info: os.name: 'Windows 10', os.arch: 'amd64', os.version: '10.0', java.version: '15.0.1'
Driver info: org.openqa.selenium.chrome.ChromeDriver
Command: [d32243548a514caa5047f7d921001c6e, clickElement {id=76c8b6ed-3950-499f-997d-e6734ffd9709}]
Capabilities {acceptInsecureCerts: false, browserName: chrome, browserVersion: 106.0.5249.119, chrome: {chromedriverVersion: 106.0.5249.61 (511755355844...}, goog:chromeOptions: {debuggerAddress: localhost:9014}, pageLoadStrategy: normal, platformName: ANY, proxy: Proxy(), se:cdp: ws://localhost:9014/devtool..., se:cdpVersion: 106.0.5249.119, setWindowRect: false, strictFileInteractability: false, timeouts: {implicit: 0, pageLoad: 300000, script: 30000}, unhandledPromptBehavior: dismiss and notify, webauthn:extension:credBlob: true, webauthn:extension:largeBlob: true, webauthn:virtualAuthenticators: true}
Element: [[ChromeDriver: chrome on ANY (d32243548a514caa5047f7d921001c6e)] -> xpath: //a[@title='Leads']]
Session ID: d32243548a514caa5047f7d921001c6e
{"logLevel":"debug","message":"Killing Java runner..."}
{"logLevel":"debug","message":"Stopping execution pool..."}
{"logLevel":"debug","message":"Shutting down grpc server..."}
{"logLevel":"debug","message":"Runner killed gracefully."}
