20-10-2022 19:30:27.550 [Gauge] [INFO] Initializing concepts cache with 0 concepts
20-10-2022 19:30:27.554 [Gauge] [INFO] Initializing specs cache with 1 specs
20-10-2022 19:30:27.554 [Gauge] [DEBUG] Adding specs from C:\Programovanie\Gauge\FinalTest\specs\example.spec
20-10-2022 19:30:27.554 [Gauge] [INFO] Initializing steps cache with 1 steps
20-10-2022 19:30:27.554 [Gauge] [INFO] Gauge daemon initialized and listening on port: 51134
20-10-2022 19:30:27.555 [Gauge] [DEBUG] Watching directory: C:\Programovanie\Gauge\FinalTest\specs
20-10-2022 19:30:27.555 [Gauge] [DEBUG] Found 1 files
20-10-2022 19:30:28.028 [Gauge] [DEBUG] Api Request Received: messageType:GetLanguagePluginLibPathRequest  messageId:5  libPathRequest:{language:"java"}
20-10-2022 19:30:28.028 [Gauge] [DEBUG] Sending API response: messageType:ErrorResponse  messageId:2  error:{error:"Plugin 'java' not installed on following locations : [C:\\Program Files\\Gauge\\bin\\plugins]"}
20-10-2022 19:31:59.269 [Gauge] [INFO] Initializing concepts cache with 0 concepts
20-10-2022 19:31:59.270 [Gauge] [INFO] Initializing specs cache with 1 specs
20-10-2022 19:31:59.270 [Gauge] [DEBUG] Adding specs from C:\Programovanie\Gauge\FinalTest\specs\example.spec
20-10-2022 19:31:59.270 [Gauge] [INFO] Initializing steps cache with 1 steps
20-10-2022 19:31:59.270 [Gauge] [INFO] Gauge daemon initialized and listening on port: 51167
20-10-2022 19:31:59.270 [Gauge] [DEBUG] Watching directory: C:\Programovanie\Gauge\FinalTest\specs
20-10-2022 19:31:59.271 [Gauge] [DEBUG] Found 1 files
20-10-2022 19:32:21.107 [Gauge] [DEBUG] Api Request Received: messageType:GetStepValueRequest  messageId:4  stepValueRequest:{stepText:"Go to Gauge Get Started Page"}
20-10-2022 19:32:21.108 [Gauge] [DEBUG] Sending API response: messageType:GetStepValueResponse  messageId:4  stepValueResponse:{stepValue:{stepValue:"Go to Gauge Get Started Page"  parameterizedStepValue:"Go to Gauge Get Started Page"}}
20-10-2022 19:32:21.150 [Gauge] [DEBUG] Api Request Received: messageType:GetStepValueRequest  messageId:4  stepValueRequest:{stepText:"Ensure installation instructions are available"}
20-10-2022 19:32:21.150 [Gauge] [DEBUG] Sending API response: messageType:GetStepValueResponse  messageId:4  stepValueResponse:{stepValue:{stepValue:"Ensure installation instructions are available"  parameterizedStepValue:"Ensure installation instructions are available"}}
20-10-2022 19:32:21.209 [Gauge] [DEBUG] Api Request Received: messageType:GetStepValueRequest  messageId:4  stepValueRequest:{stepText:"Open the Gauge homepage"}
20-10-2022 19:32:21.209 [Gauge] [DEBUG] Sending API response: messageType:GetStepValueResponse  messageId:4  stepValueResponse:{stepValue:{stepValue:"Open the Gauge homepage"  parameterizedStepValue:"Open the Gauge homepage"}}
21-10-2022 08:47:18.508 [Gauge] [DEBUG] Spec file added / modified: C:\Programovanie\Gauge\FinalTest\specs\example.spec
24-10-2022 18:59:40.287 [Gauge] [DEBUG] Api Request Received: messageType:GetStepValueRequest  messageId:4  stepValueRequest:{stepText:"PAR-KontaktneUdajeAdresa-VytvorZahranicnuAdresu"}
24-10-2022 18:59:40.292 [Gauge] [DEBUG] Sending API response: messageType:GetStepValueResponse  messageId:4  stepValueResponse:{stepValue:{stepValue:"PAR-KontaktneUdajeAdresa-VytvorZahranicnuAdresu"  parameterizedStepValue:"PAR-KontaktneUdajeAdresa-VytvorZahranicnuAdresu"}}
24-10-2022 18:59:40.319 [Gauge] [DEBUG] Api Request Received: messageType:GetStepValueRequest  messageId:4  stepValueRequest:{stepText:"PAR-KontaktneUdajeAdresa-VytvorSlovenskuAdresu"}
24-10-2022 18:59:40.319 [Gauge] [DEBUG] Sending API response: messageType:GetStepValueResponse  messageId:4  stepValueResponse:{stepValue:{stepValue:"PAR-KontaktneUdajeAdresa-VytvorSlovenskuAdresu"  parameterizedStepValue:"PAR-KontaktneUdajeAdresa-VytvorSlovenskuAdresu"}}
24-10-2022 18:59:40.334 [Gauge] [DEBUG] Api Request Received: messageType:GetStepValueRequest  messageId:4  stepValueRequest:{stepText:"PAR-KontaktneUdajeAdresa-UpravAdresu"}
24-10-2022 18:59:40.342 [Gauge] [DEBUG] Sending API response: messageType:GetStepValueResponse  messageId:4  stepValueResponse:{stepValue:{stepValue:"PAR-KontaktneUdajeAdresa-UpravAdresu"  parameterizedStepValue:"PAR-KontaktneUdajeAdresa-UpravAdresu"}}
24-10-2022 18:59:44.726 [Gauge] [DEBUG] Spec file added / modified: C:\Programovanie\Gauge\FinalTest\specs\example.spec
24-10-2022 18:59:44.731 [Gauge] [DEBUG] Spec file added / modified: C:\Programovanie\Gauge\FinalTest\specs\example.spec
24-10-2022 18:59:44.731 [Gauge] [DEBUG] Spec file added / modified: C:\Programovanie\Gauge\FinalTest\specs\example.spec
25-10-2022 09:04:20.733 [Gauge] [DEBUG] Spec file added / modified: C:\Programovanie\Gauge\FinalTest\specs\example.spec
25-10-2022 09:04:20.734 [Gauge] [DEBUG] Spec file added / modified: C:\Programovanie\Gauge\FinalTest\specs\example.spec
25-10-2022 09:04:20.735 [Gauge] [DEBUG] Spec file added / modified: C:\Programovanie\Gauge\FinalTest\specs\example.spec
25-10-2022 16:57:23.185 [Gauge] [DEBUG] Spec file added / modified: C:\Programovanie\Gauge\FinalTest\specs\example.spec
25-10-2022 16:59:54.910 [Gauge] [DEBUG] Spec file added / modified: C:\Programovanie\Gauge\FinalTest\specs\example.spec
25-10-2022 16:59:54.914 [Gauge] [DEBUG] Spec file added / modified: C:\Programovanie\Gauge\FinalTest\specs\example.spec
25-10-2022 17:10:18.353 [Gauge] [INFO] Initializing concepts cache with 0 concepts
25-10-2022 17:10:18.354 [Gauge] [INFO] Initializing specs cache with 1 specs
25-10-2022 17:10:18.354 [Gauge] [DEBUG] Adding specs from C:\Programovanie\Gauge\FinalTest\specs\example.spec
25-10-2022 17:10:18.354 [Gauge] [INFO] Initializing steps cache with 1 steps
25-10-2022 17:10:18.354 [Gauge] [INFO] Gauge daemon initialized and listening on port: 62312
25-10-2022 17:10:18.355 [Gauge] [DEBUG] Watching directory: C:\Programovanie\Gauge\FinalTest\specs
25-10-2022 17:10:18.355 [Gauge] [DEBUG] Found 1 files
25-10-2022 17:26:07.896 [Gauge] [INFO] Initializing concepts cache with 0 concepts
25-10-2022 17:26:07.897 [Gauge] [INFO] Initializing specs cache with 1 specs
25-10-2022 17:26:07.897 [Gauge] [DEBUG] Adding specs from C:\Programovanie\Gauge\FinalTest\specs\example.spec
25-10-2022 17:26:07.897 [Gauge] [INFO] Initializing steps cache with 1 steps
25-10-2022 17:26:07.897 [Gauge] [INFO] Gauge daemon initialized and listening on port: 62981
25-10-2022 17:26:07.898 [Gauge] [DEBUG] Watching directory: C:\Programovanie\Gauge\FinalTest\specs
25-10-2022 17:26:07.898 [Gauge] [DEBUG] Found 1 files
25-10-2022 17:26:21.399 [Gauge] [DEBUG] Api Request Received: messageType:GetStepValueRequest  messageId:4  stepValueRequest:{stepText:"PAR-KontaktneUdajeAdresa-VytvorSlovenskuAdresu"}
25-10-2022 17:26:21.400 [Gauge] [DEBUG] Sending API response: messageType:GetStepValueResponse  messageId:4  stepValueResponse:{stepValue:{stepValue:"PAR-KontaktneUdajeAdresa-VytvorSlovenskuAdresu"  parameterizedStepValue:"PAR-KontaktneUdajeAdresa-VytvorSlovenskuAdresu"}}
25-10-2022 17:26:21.445 [Gauge] [DEBUG] Api Request Received: messageType:GetStepValueRequest  messageId:4  stepValueRequest:{stepText:"Go to Gauge Get Started Page"}
25-10-2022 17:26:21.445 [Gauge] [DEBUG] Sending API response: messageType:GetStepValueResponse  messageId:4  stepValueResponse:{stepValue:{stepValue:"Go to Gauge Get Started Page"  parameterizedStepValue:"Go to Gauge Get Started Page"}}
25-10-2022 17:26:21.446 [Gauge] [DEBUG] Api Request Received: messageType:GetStepValueRequest  messageId:4  stepValueRequest:{stepText:"Ensure installation instructions are available"}
25-10-2022 17:26:21.446 [Gauge] [DEBUG] Sending API response: messageType:GetStepValueResponse  messageId:4  stepValueResponse:{stepValue:{stepValue:"Ensure installation instructions are available"  parameterizedStepValue:"Ensure installation instructions are available"}}
25-10-2022 17:26:21.446 [Gauge] [DEBUG] Api Request Received: messageType:GetStepValueRequest  messageId:4  stepValueRequest:{stepText:"Open the Gauge homepage"}
25-10-2022 17:26:21.446 [Gauge] [DEBUG] Sending API response: messageType:GetStepValueResponse  messageId:4  stepValueResponse:{stepValue:{stepValue:"Open the Gauge homepage"  parameterizedStepValue:"Open the Gauge homepage"}}
25-10-2022 17:26:21.447 [Gauge] [DEBUG] Api Request Received: messageType:GetStepValueRequest  messageId:4  stepValueRequest:{stepText:"PAR-KontaktneUdajeAdresa-UpravAdresu"}
25-10-2022 17:26:21.447 [Gauge] [DEBUG] Sending API response: messageType:GetStepValueResponse  messageId:4  stepValueResponse:{stepValue:{stepValue:"PAR-KontaktneUdajeAdresa-UpravAdresu"  parameterizedStepValue:"PAR-KontaktneUdajeAdresa-UpravAdresu"}}
25-10-2022 17:26:21.448 [Gauge] [DEBUG] Api Request Received: messageType:GetStepValueRequest  messageId:4  stepValueRequest:{stepText:"PAR-KontaktneUdajeAdresa-VytvorZahranicnuAdresu"}
25-10-2022 17:26:21.449 [Gauge] [DEBUG] Sending API response: messageType:GetStepValueResponse  messageId:4  stepValueResponse:{stepValue:{stepValue:"PAR-KontaktneUdajeAdresa-VytvorZahranicnuAdresu"  parameterizedStepValue:"PAR-KontaktneUdajeAdresa-VytvorZahranicnuAdresu"}}
25-10-2022 18:01:32.908 [Gauge] [DEBUG] Spec file added / modified: C:\Programovanie\Gauge\FinalTest\specs\example.spec
26-10-2022 14:41:05.001 [Gauge] [DEBUG] Api Request Received: messageType:GetStepValueRequest  messageId:4  stepValueRequest:{stepText:"Sales-ChangeGoal"}
26-10-2022 14:41:05.001 [Gauge] [DEBUG] Sending API response: messageType:GetStepValueResponse  messageId:4  stepValueResponse:{stepValue:{stepValue:"Sales-ChangeGoal"  parameterizedStepValue:"Sales-ChangeGoal"}}
26-10-2022 14:41:34.093 [Gauge] [DEBUG] Spec file added / modified: C:\Programovanie\Gauge\FinalTest\specs\example.spec
26-10-2022 14:41:34.096 [Gauge] [DEBUG] Spec file added / modified: C:\Programovanie\Gauge\FinalTest\specs\example.spec
26-10-2022 14:41:34.096 [Gauge] [DEBUG] Spec file added / modified: C:\Programovanie\Gauge\FinalTest\specs\example.spec
26-10-2022 14:41:41.161 [Gauge] [DEBUG] Spec file added / modified: C:\Programovanie\Gauge\FinalTest\specs\example.spec
26-10-2022 14:41:41.163 [Gauge] [DEBUG] Spec file added / modified: C:\Programovanie\Gauge\FinalTest\specs\example.spec
26-10-2022 14:42:00.633 [Gauge] [DEBUG] Spec file added / modified: C:\Programovanie\Gauge\FinalTest\specs\example.spec
26-10-2022 14:42:00.635 [Gauge] [DEBUG] Spec file added / modified: C:\Programovanie\Gauge\FinalTest\specs\example.spec
27-10-2022 19:10:50.049 [Gauge] [DEBUG] Api Request Received: messageType:GetStepValueRequest  messageId:4  stepValueRequest:{stepText:"EditSalesGoal"}
27-10-2022 19:10:50.050 [Gauge] [DEBUG] Sending API response: messageType:GetStepValueResponse  messageId:4  stepValueResponse:{stepValue:{stepValue:"EditSalesGoal"  parameterizedStepValue:"EditSalesGoal"}}
27-10-2022 19:11:23.436 [Gauge] [DEBUG] Spec file added / modified: C:\Programovanie\Gauge\FinalTest\specs\example.spec
27-10-2022 19:11:23.437 [Gauge] [DEBUG] Spec file added / modified: C:\Programovanie\Gauge\FinalTest\specs\example.spec
27-10-2022 19:11:23.438 [Gauge] [DEBUG] Spec file added / modified: C:\Programovanie\Gauge\FinalTest\specs\example.spec
27-10-2022 19:11:24.711 [Gauge] [DEBUG] Api Request Received: messageType:GetStepValueRequest  messageId:4  stepValueRequest:{}
27-10-2022 19:11:24.711 [Gauge] [DEBUG] Sending API response: messageType:GetStepValueResponse  messageId:4  stepValueResponse:{stepValue:{}}
27-10-2022 19:11:24.726 [Gauge] [DEBUG] Api Request Received: messageType:GetStepValueRequest  messageId:4  stepValueRequest:{}
27-10-2022 19:11:24.727 [Gauge] [DEBUG] Sending API response: messageType:GetStepValueResponse  messageId:4  stepValueResponse:{stepValue:{}}
27-10-2022 19:11:24.794 [Gauge] [DEBUG] Api Request Received: messageType:GetStepValueRequest  messageId:4  stepValueRequest:{}
27-10-2022 19:11:24.794 [Gauge] [DEBUG] Sending API response: messageType:GetStepValueResponse  messageId:4  stepValueResponse:{stepValue:{}}
27-10-2022 19:11:24.794 [Gauge] [DEBUG] Api Request Received: messageType:GetStepValueRequest  messageId:4  stepValueRequest:{}
27-10-2022 19:11:24.794 [Gauge] [DEBUG] Sending API response: messageType:GetStepValueResponse  messageId:4  stepValueResponse:{stepValue:{}}
27-10-2022 19:11:24.855 [Gauge] [DEBUG] Api Request Received: messageType:GetStepValueRequest  messageId:4  stepValueRequest:{}
27-10-2022 19:11:24.855 [Gauge] [DEBUG] Sending API response: messageType:GetStepValueResponse  messageId:4  stepValueResponse:{stepValue:{}}
27-10-2022 19:11:24.855 [Gauge] [DEBUG] Api Request Received: messageType:GetStepValueRequest  messageId:4  stepValueRequest:{}
27-10-2022 19:11:24.855 [Gauge] [DEBUG] Sending API response: messageType:GetStepValueResponse  messageId:4  stepValueResponse:{stepValue:{}}
27-10-2022 19:11:24.871 [Gauge] [DEBUG] Api Request Received: messageType:GetStepValueRequest  messageId:4  stepValueRequest:{}
27-10-2022 19:11:24.871 [Gauge] [DEBUG] Sending API response: messageType:GetStepValueResponse  messageId:4  stepValueResponse:{stepValue:{}}
27-10-2022 19:11:24.888 [Gauge] [DEBUG] Api Request Received: messageType:GetStepValueRequest  messageId:4  stepValueRequest:{}
27-10-2022 19:11:24.889 [Gauge] [DEBUG] Sending API response: messageType:GetStepValueResponse  messageId:4  stepValueResponse:{stepValue:{}}
27-10-2022 19:11:24.983 [Gauge] [DEBUG] Api Request Received: messageType:GetStepValueRequest  messageId:4  stepValueRequest:{}
27-10-2022 19:11:24.983 [Gauge] [DEBUG] Sending API response: messageType:GetStepValueResponse  messageId:4  stepValueResponse:{stepValue:{}}
27-10-2022 19:11:24.984 [Gauge] [DEBUG] Api Request Received: messageType:GetStepValueRequest  messageId:4  stepValueRequest:{}
27-10-2022 19:11:24.984 [Gauge] [DEBUG] Sending API response: messageType:GetStepValueResponse  messageId:4  stepValueResponse:{stepValue:{}}
27-10-2022 19:11:25.043 [Gauge] [DEBUG] Api Request Received: messageType:GetStepValueRequest  messageId:4  stepValueRequest:{}
27-10-2022 19:11:25.043 [Gauge] [DEBUG] Sending API response: messageType:GetStepValueResponse  messageId:4  stepValueResponse:{stepValue:{}}
27-10-2022 19:11:25.043 [Gauge] [DEBUG] Api Request Received: messageType:GetStepValueRequest  messageId:4  stepValueRequest:{}
27-10-2022 19:11:25.043 [Gauge] [DEBUG] Sending API response: messageType:GetStepValueResponse  messageId:4  stepValueResponse:{stepValue:{}}
27-10-2022 19:11:25.090 [Gauge] [DEBUG] Api Request Received: messageType:GetStepValueRequest  messageId:4  stepValueRequest:{}
27-10-2022 19:11:25.091 [Gauge] [DEBUG] Sending API response: messageType:GetStepValueResponse  messageId:4  stepValueResponse:{stepValue:{}}
27-10-2022 19:11:25.091 [Gauge] [DEBUG] Api Request Received: messageType:GetStepValueRequest  messageId:4  stepValueRequest:{}
27-10-2022 19:11:25.091 [Gauge] [DEBUG] Sending API response: messageType:GetStepValueResponse  messageId:4  stepValueResponse:{stepValue:{}}
27-10-2022 19:11:25.163 [Gauge] [DEBUG] Api Request Received: messageType:GetStepValueRequest  messageId:4  stepValueRequest:{stepText:"E"}
27-10-2022 19:11:25.164 [Gauge] [DEBUG] Sending API response: messageType:GetStepValueResponse  messageId:4  stepValueResponse:{stepValue:{stepValue:"E"  parameterizedStepValue:"E"}}
27-10-2022 19:11:25.168 [Gauge] [DEBUG] Api Request Received: messageType:GetAllStepsRequest  messageId:2  allStepsRequest:{}
27-10-2022 19:11:25.168 [Gauge] [DEBUG] Sending API response: messageType:GetAllStepResponse  messageId:2  allStepsResponse:{allSteps:{stepValue:"Sales-ChangeGoal"  parameterizedStepValue:"Sales-ChangeGoal"}}
27-10-2022 19:11:25.170 [Gauge] [DEBUG] Api Request Received: messageType:GetAllConceptsRequest  messageId:6  allConceptsRequest:{}
27-10-2022 19:11:25.170 [Gauge] [DEBUG] Sending API response: messageType:GetAllConceptsResponse  messageId:6  allConceptsResponse:{}
27-10-2022 19:11:25.329 [Gauge] [DEBUG] Api Request Received: messageType:GetStepValueRequest  messageId:4  stepValueRequest:{stepText:"Ed"}
27-10-2022 19:11:25.329 [Gauge] [DEBUG] Sending API response: messageType:GetStepValueResponse  messageId:4  stepValueResponse:{stepValue:{stepValue:"Ed"  parameterizedStepValue:"Ed"}}
27-10-2022 19:11:25.477 [Gauge] [DEBUG] Api Request Received: messageType:GetStepValueRequest  messageId:4  stepValueRequest:{stepText:"Edi"}
27-10-2022 19:11:25.478 [Gauge] [DEBUG] Sending API response: messageType:GetStepValueResponse  messageId:4  stepValueResponse:{stepValue:{stepValue:"Edi"  parameterizedStepValue:"Edi"}}
27-10-2022 19:11:25.678 [Gauge] [DEBUG] Api Request Received: messageType:GetStepValueRequest  messageId:4  stepValueRequest:{stepText:"Edit"}
27-10-2022 19:11:25.678 [Gauge] [DEBUG] Sending API response: messageType:GetStepValueResponse  messageId:4  stepValueResponse:{stepValue:{stepValue:"Edit"  parameterizedStepValue:"Edit"}}
27-10-2022 19:11:27.286 [Gauge] [DEBUG] Spec file added / modified: C:\Programovanie\Gauge\FinalTest\specs\example.spec
27-10-2022 19:11:27.289 [Gauge] [DEBUG] Spec file added / modified: C:\Programovanie\Gauge\FinalTest\specs\example.spec
27-10-2022 19:23:14.152 [Gauge] [DEBUG] Api Request Received: messageType:GetStepValueRequest  messageId:4  stepValueRequest:{stepText:"EditGoal_PageFactory"}
27-10-2022 19:23:14.153 [Gauge] [DEBUG] Sending API response: messageType:GetStepValueResponse  messageId:4  stepValueResponse:{stepValue:{stepValue:"EditGoal_PageFactory"  parameterizedStepValue:"EditGoal_PageFactory"}}
27-10-2022 19:23:57.860 [Gauge] [DEBUG] Spec file added / modified: C:\Programovanie\Gauge\FinalTest\specs\example.spec
27-10-2022 19:23:57.862 [Gauge] [DEBUG] Spec file added / modified: C:\Programovanie\Gauge\FinalTest\specs\example.spec
